# JRE version: OpenJDK Runtime Environment (11.0.11+9) (build 11.0.11+9-b60-7590822)
# Java VM: OpenJDK 64-Bit Server VM (11.0.11+9-b60-7590822, mixed mode, tiered, compressed oops, g1 gc, windows-amd64)
Heap:
 garbage-first heap   total 129024K, used 110443K [0x0000000080000000, 0x0000000100000000)
  region size 1024K, 19 young (19456K), 3 survivors (3072K)
 Metaspace       used 82024K, capacity 84021K, committed 84272K, reserved 1122304K
  class space    used 10574K, capacity 11295K, committed 11392K, reserved 1048576K
GC Heap History (20 events):
Event: 67.613 GC heap after
{Heap after GC invocations=33 (full 0):
 garbage-first heap   total 129024K, used 84619K [0x0000000080000000, 0x0000000100000000)
  region size 1024K, 3 young (3072K), 3 survivors (3072K)
 Metaspace       used 68877K, capacity 70749K, committed 70832K, reserved 1110016K
  class space    used 8744K, capacity 9429K, committed 9472K, reserved 1048576K
}
Event: 69.657 GC heap before
{Heap before GC invocations=33 (full 0):
 garbage-first heap   total 129024K, used 103051K [0x0000000080000000, 0x0000000100000000)
  region size 1024K, 22 young (22528K), 3 survivors (3072K)
 Metaspace       used 70539K, capacity 72408K, committed 72496K, reserved 1112064K
  class space    used 8946K, capacity 9594K, committed 9600K, reserved 1048576K
}
Event: 69.661 GC heap after
{Heap after GC invocations=34 (full 0):
 garbage-first heap   total 129024K, used 85525K [0x0000000080000000, 0x0000000100000000)
  region size 1024K, 2 young (2048K), 2 survivors (2048K)
 Metaspace       used 70539K, capacity 72408K, committed 72496K, reserved 1112064K
  class space    used 8946K, capacity 9594K, committed 9600K, reserved 1048576K
}
Event: 72.547 GC heap before
{Heap before GC invocations=35 (full 0):
 garbage-first heap   total 129024K, used 103957K [0x0000000080000000, 0x0000000100000000)
  region size 1024K, 20 young (20480K), 2 survivors (2048K)
 Metaspace       used 72052K, capacity 73929K, committed 74032K, reserved 1114112K
  class space    used 9144K, capacity 9800K, committed 9856K, reserved 1048576K
}
Event: 72.550 GC heap after
{Heap after GC invocations=36 (full 0):
 garbage-first heap   total 129024K, used 86459K [0x0000000080000000, 0x0000000100000000)
  region size 1024K, 3 young (3072K), 3 survivors (3072K)
 Metaspace       used 72052K, capacity 73929K, committed 74032K, reserved 1114112K
  class space    used 9144K, capacity 9800K, committed 9856K, reserved 1048576K
}
Event: 73.122 GC heap before
{Heap before GC invocations=36 (full 0):
 garbage-first heap   total 129024K, used 89531K [0x0000000080000000, 0x0000000100000000)
  region size 1024K, 7 young (7168K), 3 survivors (3072K)
 Metaspace       used 72337K, capacity 74287K, committed 74544K, reserved 1114112K
  class space    used 9181K, capacity 9834K, committed 9856K, reserved 1048576K
}
Event: 73.126 GC heap after
{Heap after GC invocations=37 (full 0):
 garbage-first heap   total 129024K, used 86964K [0x0000000080000000, 0x0000000100000000)
  region size 1024K, 2 young (2048K), 2 survivors (2048K)
 Metaspace       used 72337K, capacity 74287K, committed 74544K, reserved 1114112K
  class space    used 9181K, capacity 9834K, committed 9856K, reserved 1048576K
}
Event: 78.553 GC heap before
{Heap before GC invocations=38 (full 0):
 garbage-first heap   total 129024K, used 107444K [0x0000000080000000, 0x0000000100000000)
  region size 1024K, 21 young (21504K), 2 survivors (2048K)
 Metaspace       used 74265K, capacity 76137K, committed 76336K, reserved 1116160K
  class space    used 9425K, capacity 10083K, committed 10112K, reserved 1048576K
}
Event: 78.557 GC heap after
{Heap after GC invocations=39 (full 0):
 garbage-first heap   total 129024K, used 87382K [0x0000000080000000, 0x0000000100000000)
  region size 1024K, 2 young (2048K), 2 survivors (2048K)
 Metaspace       used 74265K, capacity 76137K, committed 76336K, reserved 1116160K
  class space    used 9425K, capacity 10083K, committed 10112K, reserved 1048576K
}
Event: 80.053 GC heap before
{Heap before GC invocations=39 (full 0):
 garbage-first heap   total 129024K, used 106838K [0x0000000080000000, 0x0000000100000000)
  region size 1024K, 21 young (21504K), 2 survivors (2048K)
 Metaspace       used 75404K, capacity 77282K, committed 77616K, reserved 1116160K
  class space    used 9563K, capacity 10248K, committed 10368K, reserved 1048576K
}
Event: 80.057 GC heap after
{Heap after GC invocations=40 (full 0):
 garbage-first heap   total 129024K, used 88735K [0x0000000080000000, 0x0000000100000000)
  region size 1024K, 3 young (3072K), 3 survivors (3072K)
 Metaspace       used 75404K, capacity 77282K, committed 77616K, reserved 1116160K
  class space    used 9563K, capacity 10248K, committed 10368K, reserved 1048576K
}
Event: 80.206 GC heap before
{Heap before GC invocations=41 (full 0):
 garbage-first heap   total 129024K, used 107167K [0x0000000080000000, 0x0000000100000000)
  region size 1024K, 21 young (21504K), 3 survivors (3072K)
 Metaspace       used 75546K, capacity 77515K, committed 77616K, reserved 1116160K
  class space    used 9589K, capacity 10284K, committed 10368K, reserved 1048576K
}
Event: 80.210 GC heap after
{Heap after GC invocations=42 (full 0):
 garbage-first heap   total 129024K, used 90425K [0x0000000080000000, 0x0000000100000000)
  region size 1024K, 3 young (3072K), 3 survivors (3072K)
 Metaspace       used 75546K, capacity 77515K, committed 77616K, reserved 1116160K
  class space    used 9589K, capacity 10284K, committed 10368K, reserved 1048576K
}
Event: 80.838 GC heap before
{Heap before GC invocations=42 (full 0):
 garbage-first heap   total 129024K, used 108857K [0x0000000080000000, 0x0000000100000000)
  region size 1024K, 21 young (21504K), 3 survivors (3072K)
 Metaspace       used 76429K, capacity 78417K, committed 78640K, reserved 1118208K
  class space    used 9666K, capacity 10350K, committed 10368K, reserved 1048576K
}
Event: 80.844 GC heap after
{Heap after GC invocations=43 (full 0):
 garbage-first heap   total 129024K, used 91999K [0x0000000080000000, 0x0000000100000000)
  region size 1024K, 2 young (2048K), 2 survivors (2048K)
 Metaspace       used 76429K, capacity 78417K, committed 78640K, reserved 1118208K
  class space    used 9666K, capacity 10350K, committed 10368K, reserved 1048576K
}
Event: 81.493 GC heap before
{Heap before GC invocations=44 (full 0):
 garbage-first heap   total 129024K, used 109407K [0x0000000080000000, 0x0000000100000000)
  region size 1024K, 19 young (19456K), 2 survivors (2048K)
 Metaspace       used 78434K, capacity 80432K, committed 80560K, reserved 1120256K
  class space    used 9986K, capacity 10679K, committed 10752K, reserved 1048576K
}
Event: 81.497 GC heap after
{Heap after GC invocations=45 (full 0):
 garbage-first heap   total 129024K, used 92849K [0x0000000080000000, 0x0000000100000000)
  region size 1024K, 3 young (3072K), 3 survivors (3072K)
 Metaspace       used 78434K, capacity 80432K, committed 80560K, reserved 1120256K
  class space    used 9986K, capacity 10679K, committed 10752K, reserved 1048576K
}
Event: 82.336 GC heap before
{Heap before GC invocations=45 (full 0):
 garbage-first heap   total 129024K, used 108209K [0x0000000080000000, 0x0000000100000000)
  region size 1024K, 19 young (19456K), 3 survivors (3072K)
 Metaspace       used 80617K, capacity 82603K, committed 82736K, reserved 1120256K
  class space    used 10396K, capacity 11103K, committed 11136K, reserved 1048576K
}
Event: 82.340 GC heap after
{Heap after GC invocations=46 (full 0):
 garbage-first heap   total 129024K, used 94059K [0x0000000080000000, 0x0000000100000000)
  region size 1024K, 3 young (3072K), 3 survivors (3072K)
 Metaspace       used 80617K, capacity 82603K, committed 82736K, reserved 1120256K
  class space    used 10396K, capacity 11103K, committed 11136K, reserved 1048576K
}
Event: 82.944 GC heap before
{Heap before GC invocations=47 (full 0):
 garbage-first heap   total 129024K, used 110443K [0x0000000080000000, 0x0000000100000000)
  region size 1024K, 19 young (19456K), 3 survivors (3072K)
 Metaspace       used 82024K, capacity 84021K, committed 84272K, reserved 1122304K
  class space    used 10574K, capacity 11295K, committed 11392K, reserved 1048576K
}

